sendto(8, "\0\1\0 \0<\0\1\n\0\1\7\0\0\5+CFUN\0\0\0\0\0\0\0\0\0\0\0\0"..., 67, MSG_DONTWAIT, {sa_family=AF_IB, sa_data="\0\0\2/k\177\3\0\0\0\32\0\0\0\0000k\177"}, 20) = 67
sendto(8, "\0\2\0 \0?\0\1\r\0\1\n\0\0\10$QCPWRDN\0\0\0\0\0\0\0\0\0"..., 70, MSG_DONTWAIT, {sa_family=AF_IB, sa_data="\0\0\2/k\177\3\0\0\0\32\0\0\0\0000k\177"}, 20) = 70
sendto(8, "\0\3\0 \0<\0\1\n\0\1\7\0\0\5+CMUX\0\0\0\0\0\0\0\0\0\0\0\0"..., 67, MSG_DONTWAIT, {sa_family=AF_IB, sa_data="\0\0\2/k\177\3\0\0\0\32\0\0\0\0000k\177"}, 20) = 67
sendto(8, "\0\4\0 \0;\0\1\t\0\1\6\0\0\4+IPR\0\0\0\0\0\0\0\0\0\0\0\0\0"..., 66, MSG_DONTWAIT, {sa_family=AF_IB, sa_data="\0\0\2/k\177\3\0\0\0\32\0\0\0\0000k\177"}, 20) = 66
sendto(8, "\0\5\0 \0=\0\1\v\0\1\10\0\0\6+QNAND\0\0\0\0\0\0\0\0\0\0\0"..., 68, MSG_DONTWAIT, {sa_family=AF_IB, sa_data="\0\0\2/k\177\3\0\0\0\32\0\0\0\0000k\177"}, 20) = 68
sendto(8, "\0\6\0 \0@\0\1\16\0\1\v\0\0\t+QPRTPARA\0\0\0\0\0\0\0\0"..., 71, MSG_DONTWAIT, {sa_family=AF_IB, sa_data="\0\0\2/k\177\3\0\0\0\32\0\0\0\0000k\177"}, 20) = 71
sendto(8, "\0\7\0 \0@\0\1\16\0\1\v\0\0\t+QWSERVER\0\0\0\0\0\0\0\0"..., 71, MSG_DONTWAIT, {sa_family=AF_IB, sa_data="\0\0\2/k\177\3\0\0\0\32\0\0\0\0000k\177"}, 20) = 71
sendto(8, "\0\10\0 \0A\0\1\17\0\1\f\0\0\n+QWTOCLIEN\0\0\0\0\0\0\0"..., 72, MSG_DONTWAIT, {sa_family=AF_IB, sa_data="\0\0\2/k\177\3\0\0\0\32\0\0\0\0000k\177"}, 20) = 72
sendto(8, "\0\t\0 \0?\0\1\r\0\1\n\0\0\10+QWTOCLI\0\0\0\0\0\0\0\0\0"..., 70, MSG_DONTWAIT, {sa_family=AF_IB, sa_data="\0\0\2/k\177\3\0\0\0\32\0\0\0\0000k\177"}, 20) = 70
sendto(8, "\0\n\0 \0?\0\1\r\0\1\n\0\0\10+QWPARAM\0\0\0\0\0\0\0\0\0"..., 70, MSG_DONTWAIT, {sa_family=AF_IB, sa_data="\0\0\2/k\177\3\0\0\0\32\0\0\0\0000k\177"}, 20) = 70
sendto(8, "\0\v\0 \0@\0\1\16\0\1\v\0\0\t+QDATAFWD\0\0\0\0\0\0\0\0"..., 71, MSG_DONTWAIT, {sa_family=AF_IB, sa_data="\0\0\2/k\177\3\0\0\0\32\0\0\0\0000k\177"}, 20) = 71
sendto(8, "\0\f\0 \0>\0\1\f\0\1\t\0\0\7+QFTCMD\0\0\0\0\0\0\0\0\0\0"..., 69, MSG_DONTWAIT, {sa_family=AF_IB, sa_data="\0\0\2/k\177\3\0\0\0\32\0\0\0\0000k\177"}, 20) = 69
sendto(8, "\0\r\0 \0>\0\1\f\0\1\t\0\0\7+QBTPWR\0\0\0\0\0\0\0\0\0\0"..., 69, MSG_DONTWAIT, {sa_family=AF_IB, sa_data="\0\0\2/k\177\3\0\0\0\32\0\0\0\0000k\177"}, 20) = 69
sendto(8, "\0\16\0 \0A\0\1\17\0\1\f\0\0\n+QBTLEADDR\0\0\0\0\0\0\0"..., 72, MSG_DONTWAIT, {sa_family=AF_IB, sa_data="\0\0\2/k\177\3\0\0\0\32\0\0\0\0000k\177"}, 20) = 72
sendto(8, "\0\17\0 \0?\0\1\r\0\1\n\0\0\10+QBTNAME\0\0\0\0\0\0\0\0\0"..., 70, MSG_DONTWAIT, {sa_family=AF_IB, sa_data="\0\0\2/k\177\3\0\0\0\32\0\0\0\0000k\177"}, 20) = 70
sendto(8, "\0\20\0 \0A\0\1\17\0\1\f\0\0\n+QBTGATREG\0\0\0\0\0\0\0"..., 72, MSG_DONTWAIT, {sa_family=AF_IB, sa_data="\0\0\2/k\177\3\0\0\0\32\0\0\0\0000k\177"}, 20) = 72
sendto(8, "\0\21\0 \0@\0\1\16\0\1\v\0\0\t+QBTGATSS\0\0\0\0\0\0\0\0"..., 71, MSG_DONTWAIT, {sa_family=AF_IB, sa_data="\0\0\2/k\177\3\0\0\0\32\0\0\0\0000k\177"}, 20) = 71
sendto(8, "\0\22\0 \0@\0\1\16\0\1\v\0\0\t+QBTGATSC\0\0\0\0\0\0\0\0"..., 71, MSG_DONTWAIT, {sa_family=AF_IB, sa_data="\0\0\2/k\177\3\0\0\0\32\0\0\0\0000k\177"}, 20) = 71
sendto(8, "\0\23\0 \0@\0\1\16\0\1\v\0\0\t+QBTGATSD\0\0\0\0\0\0\0\0"..., 71, MSG_DONTWAIT, {sa_family=AF_IB, sa_data="\0\0\2/k\177\3\0\0\0\32\0\0\0\0000k\177"}, 20) = 71
sendto(8, "\0\24\0 \0B\0\1\20\0\1\r\0\0\v+QBTGATSIND\0\0\0\0\0\0"..., 73, MSG_DONTWAIT, {sa_family=AF_IB, sa_data="\0\0\2/k\177\3\0\0\0\32\0\0\0\0000k\177"}, 20) = 73
sendto(8, "\0\25\0 \0B\0\1\20\0\1\r\0\0\v+QBTGATSNOD\0\0\0\0\0\0"..., 73, MSG_DONTWAIT, {sa_family=AF_IB, sa_data="\0\0\2/k\177\3\0\0\0\32\0\0\0\0000k\177"}, 20) = 73
sendto(8, "\0\26\0 \0B\0\1\20\0\1\r\0\0\v+QBTGATRRSP\0\0\0\0\0\0"..., 73, MSG_DONTWAIT, {sa_family=AF_IB, sa_data="\0\0\2/k\177\3\0\0\0\32\0\0\0\0000k\177"}, 20) = 73
sendto(8, "\0\27\0 \0B\0\1\20\0\1\r\0\0\v+QBTGATWRSP\0\0\0\0\0\0"..., 73, MSG_DONTWAIT, {sa_family=AF_IB, sa_data="\0\0\2/k\177\3\0\0\0\32\0\0\0\0000k\177"}, 20) = 73
sendto(8, "\0\30\0 \0C\0\1\21\0\1\16\0\0\f+QBTGATSENLE\0\0\0\0\0"..., 74, MSG_DONTWAIT, {sa_family=AF_IB, sa_data="\0\0\2/k\177\3\0\0\0\32\0\0\0\0000k\177"}, 20) = 74
sendto(8, "\0\31\0 \0A\0\1\17\0\1\f\0\0\n+QBTGATADV\0\0\0\0\0\0\0"..., 72, MSG_DONTWAIT, {sa_family=AF_IB, sa_data="\0\0\2/k\177\3\0\0\0\32\0\0\0\0000k\177"}, 20) = 72
sendto(8, "\0\32\0 \0B\0\1\20\0\1\r\0\0\v+QBTGATDISC\0\0\0\0\0\0"..., 73, MSG_DONTWAIT, {sa_family=AF_IB, sa_data="\0\0\2/k\177\3\0\0\0\32\0\0\0\0000k\177"}, 20) = 73
sendto(8, "\0\33\0 \0A\0\1\17\0\1\f\0\0\n+QBTGATPER\0\0\0\0\0\0\0"..., 72, MSG_DONTWAIT, {sa_family=AF_IB, sa_data="\0\0\2/k\177\3\0\0\0\32\0\0\0\0000k\177"}, 20) = 72
sendto(8, "\0\34\0 \0C\0\1\21\0\1\16\0\0\f+QBTGATDBALC\0\0\0\0\0"..., 74, MSG_DONTWAIT, {sa_family=AF_IB, sa_data="\0\0\2/k\177\3\0\0\0\32\0\0\0\0000k\177"}, 20) = 74
sendto(8, "\0\35\0 \0E\0\1\23\0\1\20\0\0\16+QBTGATDBDEALC\0\0\0"..., 76, MSG_DONTWAIT, {sa_family=AF_IB, sa_data="\0\0\2/k\177\3\0\0\0\32\0\0\0\0000k\177"}, 20) = 76
sendto(8, "\0\36\0 \0@\0\1\16\0\1\v\0\0\t+QBTGATSA\0\0\0\0\0\0\0\0"..., 71, MSG_DONTWAIT, {sa_family=AF_IB, sa_data="\0\0\2/k\177\3\0\0\0\32\0\0\0\0000k\177"}, 20) = 71
sendto(8, "\0\37\0 \0@\0\1\16\0\1\v\0\0\t+QBTGATDA\0\0\0\0\0\0\0\0"..., 71, MSG_DONTWAIT, {sa_family=AF_IB, sa_data="\0\0\2/k\177\3\0\0\0\32\0\0\0\0000k\177"}, 20) = 71
sendto(8, "\0 \0 \0<\0\1\n\0\1\7\0\0\5+QFCT\0\0\0\0\0\0\0\0\0\0\0\0"..., 67, MSG_DONTWAIT, {sa_family=AF_IB, sa_data="\0\0\2/k\177\3\0\0\0\32\0\0\0\0000k\177"}, 20) = 67
sendto(8, "\0!\0 \0>\0\1\f\0\1\t\0\0\7+QFCTTX\0\0\0\0\0\0\0\0\0\0"..., 69, MSG_DONTWAIT, {sa_family=AF_IB, sa_data="\0\0\2/k\177\3\0\0\0\32\0\0\0\0000k\177"}, 20) = 69
sendto(8, "\0\"\0 \0>\0\1\f\0\1\t\0\0\7+QFCTRX\0\0\0\0\0\0\0\0\0\0"..., 69, MSG_DONTWAIT, {sa_family=AF_IB, sa_data="\0\0\2/k\177\3\0\0\0\32\0\0\0\0000k\177"}, 20) = 69
sendto(8, "\0#\0 \0A\0\1\17\0\1\f\0\0\n+QBTSPPACT\0\0\0\0\0\0\0"..., 72, MSG_DONTWAIT, {sa_family=AF_IB, sa_data="\0\0\2/k\177\3\0\0\0\32\0\0\0\0000k\177"}, 20) = 72
sendto(8, "\0$\0 \0A\0\1\17\0\1\f\0\0\n+QBTSPPDIC\0\0\0\0\0\0\0"..., 72, MSG_DONTWAIT, {sa_family=AF_IB, sa_data="\0\0\2/k\177\3\0\0\0\32\0\0\0\0000k\177"}, 20) = 72
sendto(8, "\0%\0 \0A\0\1\17\0\1\f\0\0\n+QBTSPPWRS\0\0\0\0\0\0\0"..., 72, MSG_DONTWAIT, {sa_family=AF_IB, sa_data="\0\0\2/k\177\3\0\0\0\32\0\0\0\0000k\177"}, 20) = 72
sendto(8, "\0&\0 \0?\0\1\r\0\1\n\0\0\10+QBTSCAN\0\0\0\0\0\0\0\0\0"..., 70, MSG_DONTWAIT, {sa_family=AF_IB, sa_data="\0\0\2/k\177\3\0\0\0\32\0\0\0\0000k\177"}, 20) = 70
sendto(8, "\0'\0 \0@\0\1\16\0\1\v\0\0\t+QBTAVACT\0\0\0\0\0\0\0\0"..., 71, MSG_DONTWAIT, {sa_family=AF_IB, sa_data="\0\0\2/k\177\3\0\0\0\32\0\0\0\0000k\177"}, 20) = 71
sendto(8, "\0(\0 \0@\0\1\16\0\1\v\0\0\t+QBTAVREG\0\0\0\0\0\0\0\0"..., 71, MSG_DONTWAIT, {sa_family=AF_IB, sa_data="\0\0\2/k\177\3\0\0\0\32\0\0\0\0000k\177"}, 20) = 71
sendto(8, "\0)\0 \0@\0\1\16\0\1\v\0\0\t+QBTAVCON\0\0\0\0\0\0\0\0"..., 71, MSG_DONTWAIT, {sa_family=AF_IB, sa_data="\0\0\2/k\177\3\0\0\0\32\0\0\0\0000k\177"}, 20) = 71
sendto(8, "\0*\0 \0A\0\1\17\0\1\f\0\0\n+QBTHFGCON\0\0\0\0\0\0\0"..., 72, MSG_DONTWAIT, {sa_family=AF_IB, sa_data="\0\0\2/k\177\3\0\0\0\32\0\0\0\0000k\177"}, 20) = 72
sendto(8, "\0+\0 \0<\0\1\n\0\1\7\0\0\5+QIIC\0\0\0\0\0\0\0\0\0\0\0\0"..., 67, MSG_DONTWAIT, {sa_family=AF_IB, sa_data="\0\0\2/k\177\3\0\0\0\32\0\0\0\0000k\177"}, 20) = 67
sendto(8, "\0,\0 \0@\0\1\16\0\1\v\0\0\t+QAUDLOOP\0\0\0\0\0\0\0\0"..., 71, MSG_DONTWAIT, {sa_family=AF_IB, sa_data="\0\0\2/k\177\3\0\0\0\32\0\0\0\0000k\177"}, 20) = 71
sendto(8, "\0-\0 \0<\0\1\n\0\1\7\0\0\5+QDAI\0\0\0\0\0\0\0\0\0\0\0\0"..., 67, MSG_DONTWAIT, {sa_family=AF_IB, sa_data="\0\0\2/k\177\3\0\0\0\32\0\0\0\0000k\177"}, 20) = 67
sendto(8, "\0.\0 \0<\0\1\n\0\1\7\0\0\5+CMUT\0\0\0\0\0\0\0\0\0\0\0\0"..., 67, MSG_DONTWAIT, {sa_family=AF_IB, sa_data="\0\0\2/k\177\3\0\0\0\32\0\0\0\0000k\177"}, 20) = 67
sendto(8, "\0/\0 \0<\0\1\n\0\1\7\0\0\5+CLVL\0\0\0\0\0\0\0\0\0\0\0\0"..., 67, MSG_DONTWAIT, {sa_family=AF_IB, sa_data="\0\0\2/k\177\3\0\0\0\32\0\0\0\0000k\177"}, 20) = 67
sendto(8, "\0000\0 \0<\0\1\n\0\1\7\0\0\5+CRSL\0\0\0\0\0\0\0\0\0\0\0\0"..., 67, MSG_DONTWAIT, {sa_family=AF_IB, sa_data="\0\0\2/k\177\3\0\0\0\32\0\0\0\0000k\177"}, 20) = 67
sendto(8, "\0001\0 \0>\0\1\f\0\1\t\0\0\7+QSIDET\0\0\0\0\0\0\0\0\0\0"..., 69, MSG_DONTWAIT, {sa_family=AF_IB, sa_data="\0\0\2/k\177\3\0\0\0\32\0\0\0\0000k\177"}, 20) = 69
sendto(8, "\0002\0 \0?\0\1\r\0\1\n\0\0\10+QAUDMOD\0\0\0\0\0\0\0\0\0"..., 70, MSG_DONTWAIT, {sa_family=AF_IB, sa_data="\0\0\2/k\177\3\0\0\0\32\0\0\0\0000k\177"}, 20) = 70
sendto(8, "\0003\0 \0<\0\1\n\0\1\7\0\0\5+QEEC\0\0\0\0\0\0\0\0\0\0\0\0"..., 67, MSG_DONTWAIT, {sa_family=AF_IB, sa_data="\0\0\2/k\177\3\0\0\0\32\0\0\0\0000k\177"}, 20) = 67
sendto(8, "\0004\0 \0<\0\1\n\0\1\7\0\0\5+QMIC\0\0\0\0\0\0\0\0\0\0\0\0"..., 67, MSG_DONTWAIT, {sa_family=AF_IB, sa_data="\0\0\2/k\177\3\0\0\0\32\0\0\0\0000k\177"}, 20) = 67
sendto(8, "\0005\0 \0?\0\1\r\0\1\n\0\0\10+QRXGAIN\0\0\0\0\0\0\0\0\0"..., 70, MSG_DONTWAIT, {sa_family=AF_IB, sa_data="\0\0\2/k\177\3\0\0\0\32\0\0\0\0000k\177"}, 20) = 70
sendto(8, "\0006\0 \0>\0\1\f\0\1\t\0\0\7+QAUDRD\0\0\0\0\0\0\0\0\0\0"..., 69, MSG_DONTWAIT, {sa_family=AF_IB, sa_data="\0\0\2/k\177\3\0\0\0\32\0\0\0\0000k\177"}, 20) = 69
sendto(8, "\0007\0 \0@\0\1\16\0\1\v\0\0\t+QAUDPLAY\0\0\0\0\0\0\0\0"..., 71, MSG_DONTWAIT, {sa_family=AF_IB, sa_data="\0\0\2/k\177\3\0\0\0\32\0\0\0\0000k\177"}, 20) = 71
sendto(8, "\08\0 \0@\0\1\16\0\1\v\0\0\t+QAUDSTOP\0\0\0\0\0\0\0\0"..., 71, MSG_DONTWAIT, {sa_family=AF_IB, sa_data="\0\0\2/k\177\3\0\0\0\32\0\0\0\0000k\177"}, 20) = 71
sendto(8, "\09\0 \0=\0\1\v\0\1\10\0\0\6+QPSND\0\0\0\0\0\0\0\0\0\0\0"..., 68, MSG_DONTWAIT, {sa_family=AF_IB, sa_data="\0\0\2/k\177\3\0\0\0\32\0\0\0\0000k\177"}, 20) = 68
sendto(8, "\0:\0 \0<\0\1\n\0\1\7\0\0\5+QTTS\0\0\0\0\0\0\0\0\0\0\0\0"..., 67, MSG_DONTWAIT, {sa_family=AF_IB, sa_data="\0\0\2/k\177\3\0\0\0\32\0\0\0\0000k\177"}, 20) = 67
sendto(8, "\0;\0 \0@\0\1\16\0\1\v\0\0\t+QTTSETUP\0\0\0\0\0\0\0\0"..., 71, MSG_DONTWAIT, {sa_family=AF_IB, sa_data="\0\0\2/k\177\3\0\0\0\32\0\0\0\0000k\177"}, 20) = 71
sendto(8, "\0<\0 \0>\0\1\f\0\1\t\0\0\7+QLTONE\0\0\0\0\0\0\0\0\0\0"..., 69, MSG_DONTWAIT, {sa_family=AF_IB, sa_data="\0\0\2/k\177\3\0\0\0\32\0\0\0\0000k\177"}, 20) = 69
sendto(8, "\0=\0 \0>\0\1\f\0\1\t\0\0\7+QLDTMF\0\0\0\0\0\0\0\0\0\0"..., 69, MSG_DONTWAIT, {sa_family=AF_IB, sa_data="\0\0\2/k\177\3\0\0\0\32\0\0\0\0000k\177"}, 20) = 69
sendto(8, "\0>\0 \0?\0\1\r\0\1\n\0\0\10+QAUDCFG\0\0\0\0\0\0\0\0\0"..., 70, MSG_DONTWAIT, {sa_family=AF_IB, sa_data="\0\0\2/k\177\3\0\0\0\32\0\0\0\0000k\177"}, 20) = 70
sendto(8, "\0?\0 \0@\0\1\16\0\1\v\0\0\t+QTONEDET\0\0\0\0\0\0\0\0"..., 71, MSG_DONTWAIT, {sa_family=AF_IB, sa_data="\0\0\2/k\177\3\0\0\0\32\0\0\0\0000k\177"}, 20) = 71
sendto(8, "\0@\0 \0=\0\1\v\0\1\10\0\0\6+QWTTS\0\0\0\0\0\0\0\0\0\0\0"..., 68, MSG_DONTWAIT, {sa_family=AF_IB, sa_data="\0\0\2/k\177\3\0\0\0\32\0\0\0\0000k\177"}, 20) = 68
sendto(8, "\0A\0 \0=\0\1\v\0\1\10\0\0\6+QPCMV\0\0\0\0\0\0\0\0\0\0\0"..., 68, MSG_DONTWAIT, {sa_family=AF_IB, sa_data="\0\0\2/k\177\3\0\0\0\32\0\0\0\0000k\177"}, 20) = 68
sendto(8, "\0B\0 \0>\0\1\f\0\1\t\0\0\7+QTXIIR\0\0\0\0\0\0\0\0\0\0"..., 69, MSG_DONTWAIT, {sa_family=AF_IB, sa_data="\0\0\2/k\177\3\0\0\0\32\0\0\0\0000k\177"}, 20) = 69
sendto(8, "\0C\0 \0>\0\1\f\0\1\t\0\0\7+QRXIIR\0\0\0\0\0\0\0\0\0\0"..., 69, MSG_DONTWAIT, {sa_family=AF_IB, sa_data="\0\0\2/k\177\3\0\0\0\32\0\0\0\0000k\177"}, 20) = 69
sendto(8, "\0D\0 \0=\0\1\v\0\1\10\0\0\6+QPOWD\0\0\0\0\0\0\0\0\0\0\0"..., 68, MSG_DONTWAIT, {sa_family=AF_IB, sa_data="\0\0\2/k\177\3\0\0\0\32\0\0\0\0000k\177"}, 20) = 68
sendto(8, "\0E\0 \0B\0\1\20\0\1\r\0\0\v$MYPOWEROFF\0\0\0\0\0\0"..., 73, MSG_DONTWAIT, {sa_family=AF_IB, sa_data="\0\0\2/k\177\3\0\0\0\32\0\0\0\0000k\177"}, 20) = 73
sendto(8, "\0F\0 \0=\0\1\v\0\1\10\0\0\6+QSCLK\0\0\0\0\0\0\0\0\0\0\0"..., 68, MSG_DONTWAIT, {sa_family=AF_IB, sa_data="\0\0\2/k\177\3\0\0\0\32\0\0\0\0000k\177"}, 20) = 68
sendto(8, "\0G\0 \0<\0\1\n\0\1\7\0\0\5+QCFG\0\0\0\0\0\0\0\0\0\0\0\0"..., 67, MSG_DONTWAIT, {sa_family=AF_IB, sa_data="\0\0\2/k\177\3\0\0\0\32\0\0\0\0000k\177"}, 20) = 67
sendto(8, "\0H\0 \0?\0\1\r\0\1\n\0\0\10+QADBKEY\0\0\0\0\0\0\0\0\0"..., 70, MSG_DONTWAIT, {sa_family=AF_IB, sa_data="\0\0\2/k\177\3\0\0\0\32\0\0\0\0000k\177"}, 20) = 70
sendto(8, "\0I\0 \0;\0\1\t\0\1\6\0\0\4+CBC\0\0\0\0\0\0\0\0\0\0\0\0\0"..., 66, MSG_DONTWAIT, {sa_family=AF_IB, sa_data="\0\0\2/k\177\3\0\0\0\32\0\0\0\0000k\177"}, 20) = 66
sendto(8, "\0J\0 \0<\0\1\n\0\1\7\0\0\5+QADC\0\0\0\0\0\0\0\0\0\0\0\0"..., 67, MSG_DONTWAIT, {sa_family=AF_IB, sa_data="\0\0\2/k\177\3\0\0\0\32\0\0\0\0000k\177"}, 20) = 67
sendto(8, "\0K\0 \0@\0\1\16\0\1\v\0\0\t+QADCTEMP\0\0\0\0\0\0\0\0"..., 71, MSG_DONTWAIT, {sa_family=AF_IB, sa_data="\0\0\2/k\177\3\0\0\0\32\0\0\0\0000k\177"}, 20) = 71
sendto(8, "\0L\0 \0?\0\1\r\0\1\n\0\0\10+QGPSCFG\0\0\0\0\0\0\0\0\0"..., 70, MSG_DONTWAIT, {sa_family=AF_IB, sa_data="\0\0\2/k\177\3\0\0\0\32\0\0\0\0000k\177"}, 20) = 70
sendto(8, "\0M\0 \0<\0\1\n\0\1\7\0\0\5+QODM\0\0\0\0\0\0\0\0\0\0\0\0"..., 67, MSG_DONTWAIT, {sa_family=AF_IB, sa_data="\0\0\2/k\177\3\0\0\0\32\0\0\0\0000k\177"}, 20) = 67
sendto(8, "\0N\0 \0=\0\1\v\0\1\10\0\0\6+QFUMO\0\0\0\0\0\0\0\0\0\0\0"..., 68, MSG_DONTWAIT, {sa_family=AF_IB, sa_data="\0\0\2/k\177\3\0\0\0\32\0\0\0\0000k\177"}, 20) = 68
sendto(8, "\0O\0 \0@\0\1\16\0\1\v\0\0\t+QFUMOCFG\0\0\0\0\0\0\0\0"..., 71, MSG_DONTWAIT, {sa_family=AF_IB, sa_data="\0\0\2/k\177\3\0\0\0\32\0\0\0\0000k\177"}, 20) = 71
sendto(8, "\0P\0 \0>\0\1\f\0\1\t\0\0\7+QPRINT\0\0\0\0\0\0\0\0\0\0"..., 69, MSG_DONTWAIT, {sa_family=AF_IB, sa_data="\0\0\2/k\177\3\0\0\0\32\0\0\0\0000k\177"}, 20) = 69
sendto(8, "\0Q\0 \0@\0\1\16\0\1\v\0\0\t+QSDMOUNT\0\0\0\0\0\0\0\0"..., 71, MSG_DONTWAIT, {sa_family=AF_IB, sa_data="\0\0\2/k\177\3\0\0\0\32\0\0\0\0000k\177"}, 20) = 71
sendto(8, "\0R\0 \0A\0\1\17\0\1\f\0\0\n+QFASTBOOT\0\0\0\0\0\0\0"..., 72, MSG_DONTWAIT, {sa_family=AF_IB, sa_data="\0\0\2/k\177\3\0\0\0\32\0\0\0\0000k\177"}, 20) = 72
sendto(8, "\0S\0 \0<\0\1\n\0\1\7\0\0\5+QPSM\0\0\0\0\0\0\0\0\0\0\0\0"..., 67, MSG_DONTWAIT, {sa_family=AF_IB, sa_data="\0\0\2/k\177\3\0\0\0\32\0\0\0\0000k\177"}, 20) = 67
sendto(8, "\0T\0 \0?\0\1\r\0\1\n\0\0\10+QPSMCFG\0\0\0\0\0\0\0\0\0"..., 70, MSG_DONTWAIT, {sa_family=AF_IB, sa_data="\0\0\2/k\177\3\0\0\0\32\0\0\0\0000k\177"}, 20) = 70
sendto(8, "\0U\0 \0A\0\1\17\0\1\f\0\0\n+QLINUXCPU\0\0\0\0\0\0\0"..., 72, MSG_DONTWAIT, {sa_family=AF_IB, sa_data="\0\0\2/k\177\3\0\0\0\32\0\0\0\0000k\177"}, 20) = 72
sendto(8, "\0V\0 \0@\0\1\16\0\1\v\0\0\t+QVERSION\0\0\0\0\0\0\0\0"..., 71, MSG_DONTWAIT, {sa_family=AF_IB, sa_data="\0\0\2/k\177\3\0\0\0\32\0\0\0\0000k\177"}, 20) = 71
sendto(8, "\0W\0 \0B\0\1\20\0\1\r\0\0\v+QSUBSYSVER\0\0\0\0\0\0"..., 73, MSG_DONTWAIT, {sa_family=AF_IB, sa_data="\0\0\2/k\177\3\0\0\0\32\0\0\0\0000k\177"}, 20) = 73
sendto(8, "\0X\0 \0@\0\1\16\0\1\v\0\0\t+QTEMPDBG\0\0\0\0\0\0\0\0"..., 71, MSG_DONTWAIT, {sa_family=AF_IB, sa_data="\0\0\2/k\177\3\0\0\0\32\0\0\0\0000k\177"}, 20) = 71
sendto(8, "\0Y\0 \0=\0\1\v\0\1\10\0\0\6+QTEMP\0\0\0\0\0\0\0\0\0\0\0"..., 68, MSG_DONTWAIT, {sa_family=AF_IB, sa_data="\0\0\2/k\177\3\0\0\0\32\0\0\0\0000k\177"}, 20) = 68
sendto(8, "\0Z\0 \0C\0\1\21\0\1\16\0\0\f+QTEMPDBGLVL\0\0\0\0\0"..., 74, MSG_DONTWAIT, {sa_family=AF_IB, sa_data="\0\0\2/k\177\3\0\0\0\32\0\0\0\0000k\177"}, 20) = 74
sendto(8, "\0[\0 \0A\0\1\17\0\1\f\0\0\n+QDIAGPORT\0\0\0\0\0\0\0"..., 72, MSG_DONTWAIT, {sa_family=AF_IB, sa_data="\0\0\2/k\177\3\0\0\0\32\0\0\0\0000k\177"}, 20) = 72
sendto(8, "\0\\\0 \0?\0\1\r\0\1\n\0\0\10+QLPMCFG\0\0\0\0\0\0\0\0\0"..., 70, MSG_DONTWAIT, {sa_family=AF_IB, sa_data="\0\0\2/k\177\3\0\0\0\32\0\0\0\0000k\177"}, 20) = 70
sendto(8, "\0]\0 \0A\0\1\17\0\1\f\0\0\n+QSGMIICFG\0\0\0\0\0\0\0"..., 72, MSG_DONTWAIT, {sa_family=AF_IB, sa_data="\0\0\2/k\177\3\0\0\0\32\0\0\0\0000k\177"}, 20) = 72
sendto(8, "\0^\0 \0=\0\1\v\0\1\10\0\0\6+QWWAN\0\0\0\0\0\0\0\0\0\0\0"..., 68, MSG_DONTWAIT, {sa_family=AF_IB, sa_data="\0\0\2/k\177\3\0\0\0\32\0\0\0\0000k\177"}, 20) = 68
sendto(8, "\0_\0 \0@\0\1\16\0\1\v\0\0\t+QLWWANUP\0\0\0\0\0\0\0\0"..., 71, MSG_DONTWAIT, {sa_family=AF_IB, sa_data="\0\0\2/k\177\3\0\0\0\32\0\0\0\0000k\177"}, 20) = 71
sendto(8, "\0`\0 \0B\0\1\20\0\1\r\0\0\v+QLWWANDOWN\0\0\0\0\0\0"..., 73, MSG_DONTWAIT, {sa_family=AF_IB, sa_data="\0\0\2/k\177\3\0\0\0\32\0\0\0\0000k\177"}, 20) = 73
sendto(8, "\0a\0 \0D\0\1\22\0\1\17\0\0\r+QLWWANSTATUS\0\0\0\0"..., 75, MSG_DONTWAIT, {sa_family=AF_IB, sa_data="\0\0\2/k\177\3\0\0\0\32\0\0\0\0000k\177"}, 20) = 75
sendto(8, "\0b\0 \0D\0\1\22\0\1\17\0\0\r+QLWWANURCCFG\0\0\0\0"..., 75, MSG_DONTWAIT, {sa_family=AF_IB, sa_data="\0\0\2/k\177\3\0\0\0\32\0\0\0\0000k\177"}, 20) = 75
sendto(8, "\0c\0 \0A\0\1\17\0\1\f\0\0\n+QLWWANCID\0\0\0\0\0\0\0"..., 72, MSG_DONTWAIT, {sa_family=AF_IB, sa_data="\0\0\2/k\177\3\0\0\0\32\0\0\0\0000k\177"}, 20) = 72
sendto(8, "\0d\0 \0>\0\1\f\0\1\t\0\0\7+QLPING\0\0\0\0\0\0\0\0\0\0"..., 69, MSG_DONTWAIT, {sa_family=AF_IB, sa_data="\0\0\2/k\177\3\0\0\0\32\0\0\0\0000k\177"}, 20) = 69
sendto(8, "\0e\0 \0=\0\1\v\0\1\10\0\0\6+QWIFI\0\0\0\0\0\0\0\0\0\0\0"..., 68, MSG_DONTWAIT, {sa_family=AF_IB, sa_data="\0\0\2/k\177\3\0\0\0\32\0\0\0\0000k\177"}, 20) = 68
sendto(8, "\0f\0 \0>\0\1\f\0\1\t\0\0\7+QWSSID\0\0\0\0\0\0\0\0\0\0"..., 69, MSG_DONTWAIT, {sa_family=AF_IB, sa_data="\0\0\2/k\177\3\0\0\0\32\0\0\0\0000k\177"}, 20) = 69
sendto(8, "\0g\0 \0A\0\1\17\0\1\f\0\0\n+QWSSIDHEX\0\0\0\0\0\0\0"..., 72, MSG_DONTWAIT, {sa_family=AF_IB, sa_data="\0\0\2/k\177\3\0\0\0\32\0\0\0\0000k\177"}, 20) = 72
sendto(8, "\0h\0 \0>\0\1\f\0\1\t\0\0\7+QWAUTH\0\0\0\0\0\0\0\0\0\0"..., 69, MSG_DONTWAIT, {sa_family=AF_IB, sa_data="\0\0\2/k\177\3\0\0\0\32\0\0\0\0000k\177"}, 20) = 69
sendto(8, "\0i\0 \0>\0\1\f\0\1\t\0\0\7+QWMOCH\0\0\0\0\0\0\0\0\0\0"..., 69, MSG_DONTWAIT, {sa_family=AF_IB, sa_data="\0\0\2/k\177\3\0\0\0\32\0\0\0\0000k\177"}, 20) = 69
sendto(8, "\0j\0 \0=\0\1\v\0\1\10\0\0\6+QWISO\0\0\0\0\0\0\0\0\0\0\0"..., 68, MSG_DONTWAIT, {sa_family=AF_IB, sa_data="\0\0\2/k\177\3\0\0\0\32\0\0\0\0000k\177"}, 20) = 68
sendto(8, "\0k\0 \0?\0\1\r\0\1\n\0\0\10+QWBCAST\0\0\0\0\0\0\0\0\0"..., 70, MSG_DONTWAIT, {sa_family=AF_IB, sa_data="\0\0\2/k\177\3\0\0\0\32\0\0\0\0000k\177"}, 20) = 70
sendto(8, "\0l\0 \0@\0\1\16\0\1\v\0\0\t+QWCLICNT\0\0\0\0\0\0\0\0"..., 71, MSG_DONTWAIT, {sa_family=AF_IB, sa_data="\0\0\2/k\177\3\0\0\0\32\0\0\0\0000k\177"}, 20) = 71
sendto(8, "\0m\0 \0>\0\1\f\0\1\t\0\0\7+QWCLIP\0\0\0\0\0\0\0\0\0\0"..., 69, MSG_DONTWAIT, {sa_family=AF_IB, sa_data="\0\0\2/k\177\3\0\0\0\32\0\0\0\0000k\177"}, 20) = 69
sendto(8, "\0n\0 \0@\0\1\16\0\1\v\0\0\t+QWCLILST\0\0\0\0\0\0\0\0"..., 71, MSG_DONTWAIT, {sa_family=AF_IB, sa_data="\0\0\2/k\177\3\0\0\0\32\0\0\0\0000k\177"}, 20) = 71
sendto(8, "\0o\0 \0A\0\1\17\0\1\f\0\0\n+QWSTAINFO\0\0\0\0\0\0\0"..., 72, MSG_DONTWAIT, {sa_family=AF_IB, sa_data="\0\0\2/k\177\3\0\0\0\32\0\0\0\0000k\177"}, 20) = 72
sendto(8, "\0p\0 \0?\0\1\r\0\1\n\0\0\10+QWCLIRM\0\0\0\0\0\0\0\0\0"..., 70, MSG_DONTWAIT, {sa_family=AF_IB, sa_data="\0\0\2/k\177\3\0\0\0\32\0\0\0\0000k\177"}, 20) = 70
sendto(8, "\0q\0 \0@\0\1\16\0\1\v\0\0\t+QWSETMAC\0\0\0\0\0\0\0\0"..., 71, MSG_DONTWAIT, {sa_family=AF_IB, sa_data="\0\0\2/k\177\3\0\0\0\32\0\0\0\0000k\177"}, 20) = 71
sendto(8, "\0r\0 \0>\0\1\f\0\1\t\0\0\7+QWRSTD\0\0\0\0\0\0\0\0\0\0"..., 69, MSG_DONTWAIT, {sa_family=AF_IB, sa_data="\0\0\2/k\177\3\0\0\0\32\0\0\0\0000k\177"}, 20) = 69
sendto(8, "\0s\0 \0@\0\1\16\0\1\v\0\0\t+QWIFICFG\0\0\0\0\0\0\0\0"..., 71, MSG_DONTWAIT, {sa_family=AF_IB, sa_data="\0\0\2/k\177\3\0\0\0\32\0\0\0\0000k\177"}, 20) = 71
sendto(8, "\0t\0 \0A\0\1\17\0\1\f\0\0\n+QAPRDYIND\0\0\0\0\0\0\0"..., 72, MSG_DONTWAIT, {sa_family=AF_IB, sa_data="\0\0\2/k\177\3\0\0\0\32\0\0\0\0000k\177"}, 20) = 72
sendto(8, "\0u\0 \0?\0\1\r\0\1\n\0\0\10+QFOTADL\0\0\0\0\0\0\0\0\0"..., 70, MSG_DONTWAIT, {sa_family=AF_IB, sa_data="\0\0\2/k\177\3\0\0\0\32\0\0\0\0000k\177"}, 20) = 70
1030  sendto(11, "\0\1\0.\0\7\0\1\4\0\1\0\0\0", 14, MSG_DONTWAIT, {sa_family=AF_IB, sa_data="\0\0\2\0100\263\3\0\0\0\36\0\0\0\260\0100\263"}, 20 <unfinished ...>
1030  <... sendto resumed>)             = 14
1030  sendto(11, "\0\2\0/\0\0\0", 7, MSG_DONTWAIT, {sa_family=AF_IB, sa_data="\0\0\2\0100\263\3\0\0\0\36\0\0\0\260\0100\263"}, 20 <unfinished ...>
1030  <... sendto resumed>)             = 7
1030  sendto(11, "\0\3\0 \0\26\0\1\2\0\0\0\2\7\0\7o\4\0? \177\3\4\0\0\0\0\0", 29, MSG_DONTWAIT, {sa_family=AF_IB, sa_data="\0\0\2\0100\263\3\0\0\0\36\0\0\0\260\0100\263"}, 20 <unfinished ...>
1030  <... sendto resumed>)             = 29
1030  sendto(11, "\0\4\0 \0\24\0\1\2\0\0\0\2\5\0\342/\2\0?\3\4\0\0\0\0\0", 27, MSG_DONTWAIT, {sa_family=AF_IB, sa_data="\0\0\2\0100\263\3\0\0\0\36\0\0\0\260\0100\263"}, 20 <unfinished ...>
1030  <... sendto resumed>)             = 27
